C:\USERS\3DE ECHELON\DOWNLOADS\PS4_UNJAIL\PS4_UNJAIL\ORBIS_DEBUG\CHECKHEADERS.O
C:\USERS\3DE ECHELON\DOWNLOADS\PS4_UNJAIL\PS4_UNJAIL\ORBIS_DEBUG\COMMONDIALOG.O
C:\USERS\3DE ECHELON\DOWNLOADS\PS4_UNJAIL\PS4_UNJAIL\ORBIS_DEBUG\DECRYPT.O
C:\USERS\3DE ECHELON\DOWNLOADS\PS4_UNJAIL\PS4_UNJAIL\ORBIS_DEBUG\DECRYPTIO.O
C:\USERS\3DE ECHELON\DOWNLOADS\PS4_UNJAIL\PS4_UNJAIL\ORBIS_DEBUG\ENCRYPTSRV.O
C:\USERS\3DE ECHELON\DOWNLOADS\PS4_UNJAIL\PS4_UNJAIL\ORBIS_DEBUG\FTPS4.O
C:\USERS\3DE ECHELON\DOWNLOADS\PS4_UNJAIL\PS4_UNJAIL\ORBIS_DEBUG\KERNEL.O
C:\USERS\3DE ECHELON\DOWNLOADS\PS4_UNJAIL\PS4_UNJAIL\ORBIS_DEBUG\MODULE.O
C:\USERS\3DE ECHELON\DOWNLOADS\PS4_UNJAIL\PS4_UNJAIL\ORBIS_DEBUG\MOUNT.O
C:\USERS\3DE ECHELON\DOWNLOADS\PS4_UNJAIL\PS4_UNJAIL\ORBIS_DEBUG\UNITYPRXPLUGIN.O
C:\USERS\3DE ECHELON\DOWNLOADS\PS4_UNJAIL\PS4_UNJAIL\ORBIS_DEBUG\PLUGINLIB.O
C:\USERS\3DE ECHELON\DOWNLOADS\PS4_UNJAIL\PS4_UNJAIL\ORBIS_DEBUG\PLUGINUNJAIL.O
C:\USERS\3DE ECHELON\DOWNLOADS\PS4_UNJAIL\PS4_UNJAIL\ORBIS_DEBUG\PRX.O
C:\USERS\3DE ECHELON\DOWNLOADS\PS4_UNJAIL\PS4_UNJAIL\ORBIS_DEBUG\SAVEDATADIALOG.O
C:\USERS\3DE ECHELON\DOWNLOADS\PS4_UNJAIL\PS4_UNJAIL\ORBIS_DEBUG\SAVES.O
C:\USERS\3DE ECHELON\DOWNLOADS\PS4_UNJAIL\PS4_UNJAIL\ORBIS_DEBUG\SOUND.O
C:\USERS\3DE ECHELON\DOWNLOADS\PS4_UNJAIL\PS4_UNJAIL\ORBIS_DEBUG\SOUNDUTIL.O
C:\USERS\3DE ECHELON\DOWNLOADS\PS4_UNJAIL\PS4_UNJAIL\ORBIS_DEBUG\SYSCALL.O
C:\USERS\3DE ECHELON\DOWNLOADS\PS4_UNJAIL\PS4_UNJAIL\ORBIS_DEBUG\SYSTEMSERVICE.O
C:\USERS\3DE ECHELON\DOWNLOADS\PS4_UNJAIL\PS4_UNJAIL\ORBIS_DEBUG\SYSUTIL.O
C:\USERS\3DE ECHELON\DOWNLOADS\PS4_UNJAIL\PS4_UNJAIL\ORBIS_DEBUG\UNJAIL.O
C:\USERS\3DE ECHELON\DOWNLOADS\PS4_UNJAIL\PS4_UNJAIL\ORBIS_DEBUG\USERSERVICE.O
C:\USERS\3DE ECHELON\DOWNLOADS\PS4_UNJAIL\PLUGINS\PS4\UNIVERSAL_STUB_WEAK.A
C:\USERS\3DE ECHELON\DOWNLOADS\PS4_UNJAIL\PLUGINS\PS4\UNIVERSAL_STUB.A
C:\USERS\3DE ECHELON\DOWNLOADS\PS4_UNJAIL\PLUGINS\PS4\UNIVERSAL.PRX
C:\Users\3de Echelon\Downloads\ps4_unjail\ps4_unjail\ORBIS_Debug\checkheaders.o
C:\Users\3de Echelon\Downloads\ps4_unjail\ps4_unjail\ORBIS_Debug\CommonDialog.o
C:\Users\3de Echelon\Downloads\ps4_unjail\ps4_unjail\ORBIS_Debug\decrypt.o
C:\Users\3de Echelon\Downloads\ps4_unjail\ps4_unjail\ORBIS_Debug\decryptio.o
C:\Users\3de Echelon\Downloads\ps4_unjail\ps4_unjail\ORBIS_Debug\encryptsrv.o
C:\Users\3de Echelon\Downloads\ps4_unjail\ps4_unjail\ORBIS_Debug\ftps4.o
C:\Users\3de Echelon\Downloads\ps4_unjail\ps4_unjail\ORBIS_Debug\Kernel.o
C:\Users\3de Echelon\Downloads\ps4_unjail\ps4_unjail\ORBIS_Debug\Module.o
C:\Users\3de Echelon\Downloads\ps4_unjail\ps4_unjail\ORBIS_Debug\mount.o
C:\Users\3de Echelon\Downloads\ps4_unjail\ps4_unjail\ORBIS_Debug\pluginLib.o
C:\Users\3de Echelon\Downloads\ps4_unjail\ps4_unjail\ORBIS_Debug\pluginunjail.o
C:\Users\3de Echelon\Downloads\ps4_unjail\ps4_unjail\ORBIS_Debug\prx.o
C:\Users\3de Echelon\Downloads\ps4_unjail\ps4_unjail\ORBIS_Debug\SaveDataDialog.o
C:\Users\3de Echelon\Downloads\ps4_unjail\ps4_unjail\ORBIS_Debug\Saves.o
C:\Users\3de Echelon\Downloads\ps4_unjail\ps4_unjail\ORBIS_Debug\Sound.o
C:\Users\3de Echelon\Downloads\ps4_unjail\ps4_unjail\ORBIS_Debug\SoundUtil.o
C:\Users\3de Echelon\Downloads\ps4_unjail\ps4_unjail\ORBIS_Debug\syscall.o
C:\Users\3de Echelon\Downloads\ps4_unjail\ps4_unjail\ORBIS_Debug\SystemService.o
C:\Users\3de Echelon\Downloads\ps4_unjail\ps4_unjail\ORBIS_Debug\SysUtil.o
C:\Users\3de Echelon\Downloads\ps4_unjail\ps4_unjail\ORBIS_Debug\UnityPrxPlugin.o
C:\Users\3de Echelon\Downloads\ps4_unjail\ps4_unjail\ORBIS_Debug\unjail.o
C:\Users\3de Echelon\Downloads\ps4_unjail\ps4_unjail\ORBIS_Debug\UserService.o
C:\Users\3de Echelon\Downloads\ps4_unjail\ps4_unjail\ORBIS_Debug\orbis-clang-cl.command.1.tlog
C:\Users\3de Echelon\Downloads\ps4_unjail\ps4_unjail\ORBIS_Debug\orbis-clang-cl.read.1.tlog
C:\Users\3de Echelon\Downloads\ps4_unjail\ps4_unjail\ORBIS_Debug\orbis-clang-cl.write.1.tlog
C:\Users\3de Echelon\Downloads\ps4_unjail\ps4_unjail\ORBIS_Debug\orbis-ld.command.1.tlog
C:\Users\3de Echelon\Downloads\ps4_unjail\ps4_unjail\ORBIS_Debug\orbis-ld.read.1.tlog
C:\Users\3de Echelon\Downloads\ps4_unjail\ps4_unjail\ORBIS_Debug\orbis-ld.write.1.tlog
C:\Users\3de Echelon\Downloads\ps4_unjail\ps4_unjail\..\Plugins\PS4\universal.prx
